<?xml version="1.0" encoding="UTF-8"?>
<!-- Generated by org.testng.reporters.JUnitXMLReporter -->
<testsuite ignored="0" hostname="LPwO90mNmS" failures="1" tests="4" name="BankingApp Test" time="34.727" errors="0" timestamp="2021-11-29T01:16:49 GMT+02:00">
  <testcase classname="com.inetbanking.testCases.TC_LoginTest_001" name="loginTest" time="0.957"/>
  <testcase classname="com.inetbanking.testCases.TC_loginDDD_002" name="loginDDT" time="8.332"/>
  <testcase classname="com.inetbanking.testCases.TC_loginDDD_002" name="loginDDT" time="6.274">
    <failure type="java.lang.AssertionError">
      <![CDATA[java.lang.AssertionError
at org.junit.Assert.fail(Assert.java:86)
at org.junit.Assert.assertTrue(Assert.java:41)
at org.junit.Assert.assertTrue(Assert.java:52)
at com.inetbanking.testCases.TC_loginDDD_002.loginDDT(TC_loginDDD_002.java:30)
at java.base/java.util.ArrayList.forEach(ArrayList.java:1511)
... Removed 27 stack frames]]>
    </failure>
  </testcase> <!-- loginDDT -->
  <testcase classname="com.inetbanking.testCases.TC_AddCustomerTest_003" name="addNewCustomer" time="7.243"/>
</testsuite> <!-- BankingApp Test -->
