<?xml version="1.0" encoding="UTF-8"?>
<!-- Generated by org.testng.reporters.JUnitXMLReporter -->
<testsuite ignored="0" hostname="DANIELTKACHF686" failures="1" tests="4" name="BankingApp Test" time="44.897" errors="0" timestamp="2021-11-23T13:19:02 COT">
  <testcase classname="com.inetbanking.testCases.TC_LoginTest_001" name="loginTest" time="1.003"/>
  <testcase classname="com.inetbanking.testCases.TC_loginDDD_002" name="loginDDT" time="8.254"/>
  <testcase classname="com.inetbanking.testCases.TC_loginDDD_002" name="loginDDT" time="7.578">
    <failure type="java.lang.AssertionError">
      <![CDATA[java.lang.AssertionError
at org.junit.Assert.fail(Assert.java:86)
at org.junit.Assert.assertTrue(Assert.java:41)
at org.junit.Assert.assertTrue(Assert.java:52)
at com.inetbanking.testCases.TC_loginDDD_002.loginDDT(TC_loginDDD_002.java:30)
at java.base/java.util.ArrayList.forEach(ArrayList.java:1541)
... Removed 31 stack frames]]>
    </failure>
  </testcase> <!-- loginDDT -->
  <testcase classname="com.inetbanking.testCases.TC_AddCustomerTest_003" name="addNewCustomer" time="9.922"/>
</testsuite> <!-- BankingApp Test -->
